<?xml version="1.0" encoding="UTF-8"?>
<testsuite name="com.hotel.demo.DemoApplicationTests" tests="1" skipped="0" failures="0" errors="0" timestamp="2019-08-10T16:58:14" hostname="DESKTOP-UEBAA0A" time="0.496">
  <properties/>
  <testcase name="contextLoads()" classname="com.hotel.demo.DemoApplicationTests" time="0.496"/>
  <system-out><![CDATA[13:58:09.519 [Test worker] DEBUG org.springframework.test.context.BootstrapUtils - Instantiating CacheAwareContextLoaderDelegate from class [org.springframework.test.context.cache.DefaultCacheAwareContextLoaderDelegate]
13:58:09.550 [Test worker] DEBUG org.springframework.test.context.BootstrapUtils - Instantiating BootstrapContext using constructor [public org.springframework.test.context.support.DefaultBootstrapContext(java.lang.Class,org.springframework.test.context.CacheAwareContextLoaderDelegate)]
13:58:09.605 [Test worker] DEBUG org.springframework.test.context.BootstrapUtils - Instantiating TestContextBootstrapper for test class [com.hotel.demo.DemoApplicationTests] from class [org.springframework.boot.test.context.SpringBootTestContextBootstrapper]
13:58:09.635 [Test worker] INFO org.springframework.boot.test.context.SpringBootTestContextBootstrapper - Neither @ContextConfiguration nor @ContextHierarchy found for test class [com.hotel.demo.DemoApplicationTests], using SpringBootContextLoader
13:58:09.643 [Test worker] DEBUG org.springframework.test.context.support.AbstractContextLoader - Did not detect default resource location for test class [com.hotel.demo.DemoApplicationTests]: class path resource [com/hotel/demo/DemoApplicationTests-context.xml] does not exist
13:58:09.644 [Test worker] DEBUG org.springframework.test.context.support.AbstractContextLoader - Did not detect default resource location for test class [com.hotel.demo.DemoApplicationTests]: class path resource [com/hotel/demo/DemoApplicationTestsContext.groovy] does not exist
13:58:09.644 [Test worker] INFO org.springframework.test.context.support.AbstractContextLoader - Could not detect default resource locations for test class [com.hotel.demo.DemoApplicationTests]: no resource found for suffixes {-context.xml, Context.groovy}.
13:58:09.645 [Test worker] INFO org.springframework.test.context.support.AnnotationConfigContextLoaderUtils - Could not detect default configuration classes for test class [com.hotel.demo.DemoApplicationTests]: DemoApplicationTests does not declare any static, non-private, non-final, nested classes annotated with @Configuration.
13:58:09.719 [Test worker] DEBUG org.springframework.test.context.support.ActiveProfilesUtils - Could not find an 'annotation declaring class' for annotation type [org.springframework.test.context.ActiveProfiles] and class [com.hotel.demo.DemoApplicationTests]
13:58:09.874 [Test worker] DEBUG org.springframework.context.annotation.ClassPathScanningCandidateComponentProvider - Identified candidate component class: file [C:\Users\simo\git\hotel-demo\build\classes\java\main\com\hotel\DemoApplication.class]
13:58:09.877 [Test worker] INFO org.springframework.boot.test.context.SpringBootTestContextBootstrapper - Found @SpringBootConfiguration com.hotel.DemoApplication for test class com.hotel.demo.DemoApplicationTests
13:58:10.052 [Test worker] DEBUG org.springframework.boot.test.context.SpringBootTestContextBootstrapper - @TestExecutionListeners is not present for class [com.hotel.demo.DemoApplicationTests]: using defaults.
13:58:10.053 [Test worker] INFO org.springframework.boot.test.context.SpringBootTestContextBootstrapper - Loaded default TestExecutionListener class names from location [META-INF/spring.factories]: [org.springframework.boot.test.autoconfigure.restdocs.RestDocsTestExecutionListener, org.springframework.boot.test.autoconfigure.web.client.MockRestServiceServerResetTestExecutionListener, org.springframework.boot.test.autoconfigure.web.servlet.MockMvcPrintOnlyOnFailureTestExecutionListener, org.springframework.boot.test.autoconfigure.web.servlet.WebDriverTestExecutionListener, org.springframework.boot.test.mock.mockito.MockitoTestExecutionListener, org.springframework.boot.test.mock.mockito.ResetMocksTestExecutionListener, org.springframework.test.context.web.ServletTestExecutionListener, org.springframework.test.context.support.DirtiesContextBeforeModesTestExecutionListener, org.springframework.test.context.support.DependencyInjectionTestExecutionListener, org.springframework.test.context.support.DirtiesContextTestExecutionListener, org.springframework.test.context.transaction.TransactionalTestExecutionListener, org.springframework.test.context.jdbc.SqlScriptsTestExecutionListener, org.springframework.test.context.event.EventPublishingTestExecutionListener]
13:58:10.073 [Test worker] DEBUG org.springframework.boot.test.context.SpringBootTestContextBootstrapper - Skipping candidate TestExecutionListener [org.springframework.test.context.transaction.TransactionalTestExecutionListener] due to a missing dependency. Specify custom listener classes or make the default listener classes and their required dependencies available. Offending class: [org/springframework/transaction/interceptor/TransactionAttributeSource]
13:58:10.075 [Test worker] DEBUG org.springframework.boot.test.context.SpringBootTestContextBootstrapper - Skipping candidate TestExecutionListener [org.springframework.test.context.jdbc.SqlScriptsTestExecutionListener] due to a missing dependency. Specify custom listener classes or make the default listener classes and their required dependencies available. Offending class: [org/springframework/transaction/interceptor/TransactionAttribute]
13:58:10.076 [Test worker] INFO org.springframework.boot.test.context.SpringBootTestContextBootstrapper - Using TestExecutionListeners: [org.springframework.test.context.web.ServletTestExecutionListener@688f7a4b, org.springframework.test.context.support.DirtiesContextBeforeModesTestExecutionListener@625a9f62, org.springframework.boot.test.mock.mockito.MockitoTestExecutionListener@6416cc4b, org.springframework.boot.test.autoconfigure.SpringBootDependencyInjectionTestExecutionListener@43bf133a, org.springframework.test.context.support.DirtiesContextTestExecutionListener@50717424, org.springframework.test.context.event.EventPublishingTestExecutionListener@66e650c7, org.springframework.boot.test.autoconfigure.restdocs.RestDocsTestExecutionListener@3440bcc4, org.springframework.boot.test.autoconfigure.web.client.MockRestServiceServerResetTestExecutionListener@f5d4fb5, org.springframework.boot.test.autoconfigure.web.servlet.MockMvcPrintOnlyOnFailureTestExecutionListener@5456da2e, org.springframework.boot.test.autoconfigure.web.servlet.WebDriverTestExecutionListener@62d80b, org.springframework.boot.test.mock.mockito.ResetMocksTestExecutionListener@3175e25f]
13:58:10.085 [Test worker] DEBUG org.springframework.test.context.support.AbstractDirtiesContextTestExecutionListener - Before test class: context [DefaultTestContext@29751250 testClass = DemoApplicationTests, testInstance = [null], testMethod = [null], testException = [null], mergedContextConfiguration = [WebMergedContextConfiguration@2ea23dcd testClass = DemoApplicationTests, locations = '{}', classes = '{class com.hotel.DemoApplication}', contextInitializerClasses = '[]', activeProfiles = '{}', propertySourceLocations = '{}', propertySourceProperties = '{org.springframework.boot.test.context.SpringBootTestContextBootstrapper=true}', contextCustomizers = set[org.springframework.boot.test.autoconfigure.properties.PropertyMappingContextCustomizer@0, org.springframework.boot.test.autoconfigure.web.servlet.WebDriverContextCustomizerFactory$Customizer@1897ea95, org.springframework.boot.test.context.filter.ExcludeFilterContextCustomizer@73924f9b, org.springframework.boot.test.json.DuplicateJsonObjectContextCustomizerFactory$DuplicateJsonObjectContextCustomizer@1cb4bc13, org.springframework.boot.test.mock.mockito.MockitoContextCustomizer@0, org.springframework.boot.test.web.client.TestRestTemplateContextCustomizer@1fdb9d18], resourceBasePath = 'src/main/webapp', contextLoader = 'org.springframework.boot.test.context.SpringBootContextLoader', parent = [null]], attributes = map['org.springframework.test.context.web.ServletTestExecutionListener.activateListener' -> true]], class annotated with @DirtiesContext [false] with mode [null].
13:58:10.139 [Test worker] DEBUG org.springframework.test.context.support.TestPropertySourceUtils - Adding inlined properties to environment: {spring.jmx.enabled=false, org.springframework.boot.test.context.SpringBootTestContextBootstrapper=true, server.port=-1}

  .   ____          _            __ _ _
 /\\ / ___'_ __ _ _(_)_ __  __ _ \ \ \ \
( ( )\___ | '_ | '_| | '_ \/ _` | \ \ \ \
 \\/  ___)| |_)| | | | | || (_| |  ) ) ) )
  '  |____| .__|_| |_|_| |_\__, | / / / /
 =========|_|==============|___/=/_/_/_/
 :: Spring Boot ::             (v2.2.0.M5)

2019-08-10 13:58:10.578  INFO 10664 --- [    Test worker] com.hotel.demo.DemoApplicationTests      : Starting DemoApplicationTests on DESKTOP-UEBAA0A with PID 10664 (started by simo in C:\Users\simo\git\hotel-demo)
2019-08-10 13:58:10.580  INFO 10664 --- [    Test worker] com.hotel.demo.DemoApplicationTests      : No active profile set, falling back to default profiles: default
2019-08-10 13:58:13.691  INFO 10664 --- [    Test worker] o.s.s.concurrent.ThreadPoolTaskExecutor  : Initializing ExecutorService 'applicationTaskExecutor'
2019-08-10 13:58:14.262  INFO 10664 --- [    Test worker] com.hotel.demo.DemoApplicationTests      : Started DemoApplicationTests in 4.106 seconds (JVM running for 6.226)
]]></system-out>
  <system-err><![CDATA[]]></system-err>
</testsuite>
